<?xml version="1.0" encoding="UTF-8"?>
<testng-results ignored="0" total="4" passed="4" failed="0" skipped="0">
  <reporter-output>
  </reporter-output>
  <suite started-at="2025-07-14T14:31:15 IST" name="PetSuite" finished-at="2025-07-14T14:31:24 IST" duration-ms="9545">
    <groups>
    </groups>
    <test started-at="2025-07-14T14:31:15 IST" name="PetStore" finished-at="2025-07-14T14:31:24 IST" duration-ms="9545">
      <class name="api.test.UserTest">
        <test-method is-config="true" signature="setUp()[pri:0, instance:api.test.UserTest@7bedc48a]" started-at="2025-07-14T14:31:15 IST" name="setUp" finished-at="2025-07-14T14:31:15 IST" duration-ms="149" status="PASS">
          <reporter-output>
          </reporter-output>
        </test-method> <!-- setUp -->
        <test-method signature="createUserTest()[pri:1, instance:api.test.UserTest@7bedc48a]" started-at="2025-07-14T14:31:15 IST" name="createUserTest" finished-at="2025-07-14T14:31:18 IST" duration-ms="2908" status="PASS">
          <reporter-output>
          </reporter-output>
        </test-method> <!-- createUserTest -->
        <test-method signature="getUserByNameTest()[pri:2, instance:api.test.UserTest@7bedc48a]" started-at="2025-07-14T14:31:18 IST" name="getUserByNameTest" finished-at="2025-07-14T14:31:20 IST" duration-ms="1607" status="PASS">
          <reporter-output>
          </reporter-output>
        </test-method> <!-- getUserByNameTest -->
        <test-method signature="updateUserTest()[pri:3, instance:api.test.UserTest@7bedc48a]" started-at="2025-07-14T14:31:20 IST" name="updateUserTest" finished-at="2025-07-14T14:31:23 IST" duration-ms="3131" status="PASS">
          <reporter-output>
          </reporter-output>
        </test-method> <!-- updateUserTest -->
        <test-method signature="deleteUserByNameTest()[pri:4, instance:api.test.UserTest@7bedc48a]" started-at="2025-07-14T14:31:23 IST" name="deleteUserByNameTest" finished-at="2025-07-14T14:31:24 IST" duration-ms="1531" status="PASS">
          <reporter-output>
          </reporter-output>
        </test-method> <!-- deleteUserByNameTest -->
      </class> <!-- api.test.UserTest -->
    </test> <!-- PetStore -->
  </suite> <!-- PetSuite -->
</testng-results>
