<?xml version="1.0" encoding="UTF-8"?>
<!-- Generated by org.testng.reporters.JUnitReportReporter -->
<testsuite hostname="Dewendra" failures="0" tests="8" name="com.api.test.LoginApiTest" time="15.782" errors="0" timestamp="2026-02-20T17:54:26 IST" skipped="0">
  <testcase classname="com.api.test.LoginApiTest" name="getCartDetails" time="1.693"/>
  <testcase classname="com.api.test.LoginApiTest" name="clientOtp" time="1.834"/>
  <testcase classname="com.api.test.LoginApiTest" name="setPersonalDetails" time="1.893"/>
  <testcase classname="com.api.test.LoginApiTest" name="clientToken" time="3.228"/>
  <testcase classname="com.api.test.LoginApiTest" name="getPersonalDetails" time="1.653"/>
  <testcase classname="com.api.test.LoginApiTest" name="getEventProperties" time="1.638"/>
  <testcase classname="com.api.test.LoginApiTest" name="getEcventTicketDetails" time="2.137"/>
  <testcase classname="com.api.test.LoginApiTest" name="login" time="1.706"/>
</testsuite> <!-- com.api.test.LoginApiTest -->
