<?xml version="1.0" encoding="UTF-8"?>
<testng-results ignored="0" total="1" passed="1" failed="0" skipped="0">
  <reporter-output>
  </reporter-output>
  <suite started-at="2025-07-17T18:39:25 IST" name="Default suite" finished-at="2025-07-17T18:39:27 IST" duration-ms="1609">
    <groups>
    </groups>
    <test started-at="2025-07-17T18:39:25 IST" name="Default test" finished-at="2025-07-17T18:39:27 IST" duration-ms="1609">
      <class name="restAssuredTest.PostRequest_Demo1">
        <test-method is-config="true" signature="postData()[pri:0, instance:restAssuredTest.PostRequest_Demo1@34e9fd99]" started-at="2025-07-17T18:39:25 IST" name="postData" finished-at="2025-07-17T18:39:25 IST" duration-ms="11" status="PASS">
          <reporter-output>
          </reporter-output>
        </test-method> <!-- postData -->
        <test-method signature="testpostData()[pri:0, instance:restAssuredTest.PostRequest_Demo1@34e9fd99]" started-at="2025-07-17T18:39:25 IST" name="testpostData" finished-at="2025-07-17T18:39:27 IST" duration-ms="1564" status="PASS">
          <reporter-output>
          </reporter-output>
        </test-method> <!-- testpostData -->
      </class> <!-- restAssuredTest.PostRequest_Demo1 -->
    </test> <!-- Default test -->
  </suite> <!-- Default suite -->
</testng-results>
