<?xml version="1.0" encoding="UTF-8"?>
<testng-results ignored="0" total="1" passed="1" failed="0" skipped="0">
  <reporter-output>
  </reporter-output>
  <suite started-at="2025-09-08T16:44:01 IST" name="Banking API Test Suit" finished-at="2025-09-08T16:44:02 IST" duration-ms="1398">
    <groups>
    </groups>
    <test started-at="2025-09-08T16:44:01 IST" name="API Test" finished-at="2025-09-08T16:44:02 IST" duration-ms="1398">
      <class name="com.api.test.LoginAPITest3">
        <test-method signature="loginTest()[pri:0, instance:com.api.test.LoginAPITest3@799f10e1]" started-at="2025-09-08T16:44:01 IST" name="loginTest" description="Verify if Login API is working......" finished-at="2025-09-08T16:44:02 IST" duration-ms="1365" status="PASS">
          <reporter-output>
          </reporter-output>
        </test-method> <!-- loginTest -->
      </class> <!-- com.api.test.LoginAPITest3 -->
    </test> <!-- API Test -->
  </suite> <!-- Banking API Test Suit -->
</testng-results>
