<?xml version="1.0" encoding="UTF-8"?>
<!-- Generated by org.testng.reporters.JUnitXMLReporter -->
<testsuite ignored="5" hostname="Dewendra" failures="0" tests="1" name="Default test" time="2.722" errors="0" timestamp="2025-10-14T14:40:56 IST">
  <testcase classname="com.hdor.admin.address.test.AdminAddressTest" name="getPrimaryAddressTest" time="2.46"/>
  <testcase classname="com.hdor.admin.address.test.AdminAddressTest" name="getAllDeliveryAddressTest" time="0.0">
    <ignored/>
  </testcase> <!-- getAllDeliveryAddressTest -->
  <testcase classname="com.hdor.admin.address.test.AdminAddressTest" name="markPrimaryAddressTest" time="0.0">
    <ignored/>
  </testcase> <!-- markPrimaryAddressTest -->
  <testcase classname="com.hdor.admin.address.test.AdminAddressTest" name="updateAddressTest" time="0.0">
    <ignored/>
  </testcase> <!-- updateAddressTest -->
  <testcase classname="com.hdor.admin.address.test.AdminAddressTest" name="removeAddressTest" time="0.0">
    <ignored/>
  </testcase> <!-- removeAddressTest -->
  <testcase classname="com.hdor.admin.address.test.AdminAddressTest" name="saveAddressTest" time="0.0">
    <ignored/>
  </testcase> <!-- saveAddressTest -->
</testsuite> <!-- Default test -->
