<?xml version="1.0" encoding="UTF-8"?>
<testng-results ignored="0" total="1" passed="1" failed="0" skipped="0">
  <reporter-output>
  </reporter-output>
  <suite started-at="2025-10-14T14:40:53 IST" name="Default suite" finished-at="2025-10-14T14:40:56 IST" duration-ms="2722">
    <groups>
    </groups>
    <test started-at="2025-10-14T14:40:53 IST" name="Default test" finished-at="2025-10-14T14:40:56 IST" duration-ms="2722">
      <class name="com.hdor.admin.address.test.AdminAddressTest">
        <test-method is-config="true" signature="setup()[pri:0, instance:com.hdor.admin.address.test.AdminAddressTest@40a4337a]" started-at="2025-10-14T14:40:53 IST" name="setup" finished-at="2025-10-14T14:40:53 IST" duration-ms="229" status="PASS">
          <reporter-output>
          </reporter-output>
        </test-method> <!-- setup -->
        <test-method signature="getPrimaryAddressTest()[pri:2, instance:com.hdor.admin.address.test.AdminAddressTest@40a4337a]" started-at="2025-10-14T14:40:53 IST" name="getPrimaryAddressTest" finished-at="2025-10-14T14:40:56 IST" duration-ms="2460" status="PASS">
          <reporter-output>
          </reporter-output>
        </test-method> <!-- getPrimaryAddressTest -->
      </class> <!-- com.hdor.admin.address.test.AdminAddressTest -->
    </test> <!-- Default test -->
  </suite> <!-- Default suite -->
</testng-results>
