<?xml version="1.0" encoding="UTF-8"?>
<testng-results ignored="0" total="1" passed="1" failed="0" skipped="0">
  <reporter-output>
  </reporter-output>
  <suite started-at="2025-08-30T21:18:09 IST" name="Default suite" finished-at="2025-08-30T21:18:13 IST" duration-ms="3406">
    <groups>
    </groups>
    <test started-at="2025-08-30T21:18:09 IST" name="Default test" finished-at="2025-08-30T21:18:13 IST" duration-ms="3406">
      <class name="com.rahulshetty.restAssured.StaticImports">
        <test-method signature="simple_test_case()[pri:0, instance:com.rahulshetty.restAssured.StaticImports@40a4337a]" started-at="2025-08-30T21:18:10 IST" name="simple_test_case" finished-at="2025-08-30T21:18:13 IST" duration-ms="3369" status="PASS">
          <reporter-output>
          </reporter-output>
        </test-method> <!-- simple_test_case -->
      </class> <!-- com.rahulshetty.restAssured.StaticImports -->
    </test> <!-- Default test -->
  </suite> <!-- Default suite -->
</testng-results>
