<?xml version="1.0" encoding="UTF-8"?>
<!-- Generated by org.testng.reporters.JUnitXMLReporter -->
<testsuite ignored="0" hostname="Dewendra" failures="0" tests="4" name="PetStore" time="9.545" errors="0" timestamp="2025-07-14T14:31:24 IST">
  <testcase classname="api.test.UserTest" name="createUserTest" time="2.908"/>
  <testcase classname="api.test.UserTest" name="getUserByNameTest" time="1.607"/>
  <testcase classname="api.test.UserTest" name="updateUserTest" time="3.131"/>
  <testcase classname="api.test.UserTest" name="deleteUserByNameTest" time="1.531"/>
</testsuite> <!-- PetStore -->
