<?xml version="1.0" encoding="UTF-8"?>
<testng-results ignored="0" total="1" passed="1" failed="0" skipped="0">
  <reporter-output>
  </reporter-output>
  <suite started-at="2025-07-30T16:40:11 IST" name="Default suite" finished-at="2025-07-30T16:40:14 IST" duration-ms="3259">
    <groups>
    </groups>
    <test started-at="2025-07-30T16:40:11 IST" name="Default test" finished-at="2025-07-30T16:40:14 IST" duration-ms="3259">
      <class name="com.hdor.charityApp.test.CharityTest">
        <test-method is-config="true" signature="setUp()[pri:0, instance:com.hdor.charityApp.test.CharityTest@41a2befb]" started-at="2025-07-30T16:40:11 IST" name="setUp" finished-at="2025-07-30T16:40:11 IST" duration-ms="233" status="PASS">
          <reporter-output>
          </reporter-output>
        </test-method> <!-- setUp -->
        <test-method signature="categoryTest()[pri:1, instance:com.hdor.charityApp.test.CharityTest@41a2befb]" started-at="2025-07-30T16:40:11 IST" name="categoryTest" finished-at="2025-07-30T16:40:14 IST" duration-ms="2998" status="PASS">
          <reporter-output>
          </reporter-output>
        </test-method> <!-- categoryTest -->
      </class> <!-- com.hdor.charityApp.test.CharityTest -->
    </test> <!-- Default test -->
  </suite> <!-- Default suite -->
</testng-results>
