<?xml version="1.0" encoding="UTF-8"?>
<!-- Generated by org.testng.reporters.JUnitXMLReporter -->
<testsuite ignored="0" hostname="Dewendra" failures="0" tests="4" name="Test" time="5.807" errors="0" timestamp="2025-07-02T16:07:18 IST">
  <testcase classname="com.restAssured.gorestapichaining.GoRestAPICreateUser" name="createUser" time="2.913"/>
  <testcase classname="com.restAssured.gorestapichaining.GoRestAPIGetUser" name="getUser" time="0.715"/>
  <testcase classname="com.restAssured.gorestapichaining.GoRestAPIUpdateUser" name="updateUser" time="1.081"/>
  <testcase classname="com.restAssured.gorestapichaining.GoRestAPIDeleteUser" name="deleteUser" time="1.058"/>
</testsuite> <!-- Test -->
